{"C:\\Users\\helio\\Desktop\\Hélio Projects\\mei-pjotinha-app\\src\\utils\\utils.js": {"path":"C:\\Users\\helio\\Desktop\\Hélio Projects\\mei-pjotinha-app\\src\\utils\\utils.js","statementMap":{"0":{"start":{"line":2,"column":2},"end":{"line":10,"column":3}},"1":{"start":{"line":3,"column":26},"end":{"line":8,"column":24}},"2":{"start":{"line":9,"column":4},"end":{"line":9,"column":37}}},"fnMap":{"0":{"name":"convertMoneyMaskToNumber","decl":{"start":{"line":1,"column":16},"end":{"line":1,"column":40}},"loc":{"start":{"line":1,"column":54},"end":{"line":11,"column":1}},"line":1}},"branchMap":{"0":{"loc":{"start":{"line":2,"column":2},"end":{"line":10,"column":3}},"type":"if","locations":[{"start":{"line":2,"column":2},"end":{"line":10,"column":3}},{"start":{"line":2,"column":2},"end":{"line":10,"column":3}}],"line":2}},"s":{"0":2,"1":1,"2":1},"f":{"0":2},"b":{"0":[1,1]},"_coverageSchema":"43e27e138ebf9cfc5966b082cf9a028302ed4184","hash":"398b66710246456530e6b8c9d670a50b79160afa"}
,"C:\\Users\\helio\\Desktop\\Hélio Projects\\mei-pjotinha-app\\src\\views\\Beneficios.vue": {"path":"C:\\Users\\helio\\Desktop\\Hélio Projects\\mei-pjotinha-app\\src\\views\\Beneficios.vue","statementMap":{"0":{"start":{"line":106,"column":0},"end":{"line":106,"column":null}},"1":{"start":{"line":107,"column":0},"end":{"line":107,"column":null}},"2":{"start":{"line":108,"column":0},"end":{"line":108,"column":null}},"3":{"start":{"line":109,"column":0},"end":{"line":109,"column":null}},"4":{"start":{"line":113,"column":0},"end":{"line":113,"column":null}},"5":{"start":{"line":125,"column":0},"end":{"line":125,"column":null}},"6":{"start":{"line":129,"column":0},"end":{"line":129,"column":null}},"7":{"start":{"line":132,"column":0},"end":{"line":132,"column":null}},"8":{"start":{"line":135,"column":0},"end":{"line":135,"column":null}},"9":{"start":{"line":137,"column":0},"end":{"line":137,"column":null}},"10":{"start":{"line":142,"column":0},"end":{"line":142,"column":null}},"11":{"start":{"line":145,"column":0},"end":{"line":148,"column":null}},"12":{"start":{"line":146,"column":0},"end":{"line":146,"column":null}},"13":{"start":{"line":147,"column":0},"end":{"line":147,"column":null}},"14":{"start":{"line":151,"column":0},"end":{"line":153,"column":null}},"15":{"start":{"line":152,"column":0},"end":{"line":152,"column":null}},"16":{"start":{"line":156,"column":0},"end":{"line":156,"column":null}},"17":{"start":{"line":160,"column":0},"end":{"line":160,"column":null}},"18":{"start":{"line":162,"column":0},"end":{"line":162,"column":null}},"19":{"start":{"line":175,"column":0},"end":{"line":175,"column":null}},"20":{"start":{"line":181,"column":0},"end":{"line":181,"column":null}},"21":{"start":{"line":184,"column":0},"end":{"line":184,"column":null}},"22":{"start":{"line":185,"column":0},"end":{"line":185,"column":null}},"23":{"start":{"line":188,"column":0},"end":{"line":188,"column":null}},"24":{"start":{"line":191,"column":0},"end":{"line":191,"column":null}},"25":{"start":{"line":192,"column":0},"end":{"line":192,"column":null}},"26":{"start":{"line":193,"column":0},"end":{"line":193,"column":null}},"27":{"start":{"line":194,"column":0},"end":{"line":194,"column":null}},"28":{"start":{"line":197,"column":0},"end":{"line":197,"column":null}},"29":{"start":{"line":200,"column":0},"end":{"line":200,"column":null}},"30":{"start":{"line":201,"column":0},"end":{"line":201,"column":null}},"31":{"start":{"line":202,"column":0},"end":{"line":202,"column":null}},"32":{"start":{"line":205,"column":0},"end":{"line":205,"column":null}},"33":{"start":{"line":208,"column":0},"end":{"line":208,"column":null}},"34":{"start":{"line":209,"column":0},"end":{"line":213,"column":null}},"35":{"start":{"line":210,"column":0},"end":{"line":210,"column":null}},"36":{"start":{"line":211,"column":0},"end":{"line":211,"column":null}},"37":{"start":{"line":212,"column":0},"end":{"line":212,"column":null}},"38":{"start":{"line":214,"column":0},"end":{"line":214,"column":null}},"39":{"start":{"line":217,"column":0},"end":{"line":217,"column":null}},"40":{"start":{"line":220,"column":0},"end":{"line":220,"column":null}}},"fnMap":{"0":{"name":"(anonymous_1)","decl":{"start":{"line":112,"column":0},"end":{"line":112,"column":null}},"loc":{"start":{"line":112,"column":0},"end":{"line":123,"column":null}}},"1":{"name":"(anonymous_2)","decl":{"start":{"line":124,"column":0},"end":{"line":124,"column":null}},"loc":{"start":{"line":124,"column":0},"end":{"line":126,"column":null}}},"2":{"name":"(anonymous_3)","decl":{"start":{"line":128,"column":0},"end":{"line":128,"column":null}},"loc":{"start":{"line":128,"column":0},"end":{"line":138,"column":null}}},"3":{"name":"(anonymous_4)","decl":{"start":{"line":141,"column":0},"end":{"line":141,"column":null}},"loc":{"start":{"line":141,"column":0},"end":{"line":143,"column":null}}},"4":{"name":"(anonymous_5)","decl":{"start":{"line":144,"column":0},"end":{"line":144,"column":null}},"loc":{"start":{"line":144,"column":0},"end":{"line":149,"column":null}}},"5":{"name":"(anonymous_6)","decl":{"start":{"line":150,"column":0},"end":{"line":150,"column":null}},"loc":{"start":{"line":150,"column":0},"end":{"line":154,"column":null}}},"6":{"name":"(anonymous_7)","decl":{"start":{"line":155,"column":0},"end":{"line":155,"column":null}},"loc":{"start":{"line":155,"column":0},"end":{"line":176,"column":null}}},"7":{"name":"(anonymous_8)","decl":{"start":{"line":161,"column":0},"end":{"line":161,"column":null}},"loc":{"start":{"line":161,"column":0},"end":{"line":163,"column":null}}},"8":{"name":"(anonymous_9)","decl":{"start":{"line":180,"column":0},"end":{"line":180,"column":null}},"loc":{"start":{"line":180,"column":0},"end":{"line":186,"column":null}}},"9":{"name":"(anonymous_10)","decl":{"start":{"line":187,"column":0},"end":{"line":187,"column":null}},"loc":{"start":{"line":187,"column":0},"end":{"line":195,"column":null}}},"10":{"name":"(anonymous_11)","decl":{"start":{"line":196,"column":0},"end":{"line":196,"column":null}},"loc":{"start":{"line":196,"column":0},"end":{"line":203,"column":null}}},"11":{"name":"(anonymous_12)","decl":{"start":{"line":204,"column":0},"end":{"line":204,"column":null}},"loc":{"start":{"line":204,"column":0},"end":{"line":206,"column":null}}},"12":{"name":"(anonymous_13)","decl":{"start":{"line":207,"column":0},"end":{"line":207,"column":null}},"loc":{"start":{"line":207,"column":0},"end":{"line":215,"column":null}}},"13":{"name":"(anonymous_14)","decl":{"start":{"line":216,"column":0},"end":{"line":216,"column":null}},"loc":{"start":{"line":216,"column":0},"end":{"line":218,"column":null}}},"14":{"name":"(anonymous_15)","decl":{"start":{"line":219,"column":0},"end":{"line":219,"column":null}},"loc":{"start":{"line":219,"column":0},"end":{"line":221,"column":null}}}},"branchMap":{"0":{"loc":{"start":{"line":135,"column":0},"end":{"line":135,"column":null}},"type":"if","locations":[{"start":{"line":135,"column":0},"end":{"line":135,"column":null}},{"start":{"line":135,"column":0},"end":{"line":135,"column":null}}]},"1":{"loc":{"start":{"line":145,"column":0},"end":{"line":148,"column":null}},"type":"if","locations":[{"start":{"line":145,"column":0},"end":{"line":148,"column":null}},{"start":{"line":145,"column":0},"end":{"line":148,"column":null}}]},"2":{"loc":{"start":{"line":151,"column":0},"end":{"line":153,"column":null}},"type":"if","locations":[{"start":{"line":151,"column":0},"end":{"line":153,"column":null}},{"start":{"line":151,"column":0},"end":{"line":153,"column":null}}]},"3":{"loc":{"start":{"line":151,"column":0},"end":{"line":151,"column":null}},"type":"binary-expr","locations":[{"start":{"line":151,"column":0},"end":{"line":151,"column":null}},{"start":{"line":151,"column":0},"end":{"line":151,"column":null}}]},"4":{"loc":{"start":{"line":209,"column":0},"end":{"line":213,"column":null}},"type":"if","locations":[{"start":{"line":209,"column":0},"end":{"line":213,"column":null}},{"start":{"line":209,"column":0},"end":{"line":213,"column":null}}]},"5":{"loc":{"start":{"line":220,"column":0},"end":{"line":220,"column":null}},"type":"cond-expr","locations":[{"start":{"line":220,"column":0},"end":{"line":220,"column":null}},{"start":{"line":220,"column":0},"end":{"line":220,"column":null}}]}},"s":{"0":0,"1":0,"2":0,"3":0,"4":0,"5":0,"6":0,"7":0,"8":0,"9":0,"10":0,"11":0,"12":0,"13":0,"14":0,"15":0,"16":0,"17":0,"18":0,"19":0,"20":0,"21":0,"22":0,"23":0,"24":0,"25":0,"26":0,"27":0,"28":0,"29":0,"30":0,"31":0,"32":0,"33":0,"34":0,"35":0,"36":0,"37":0,"38":0,"39":0,"40":0},"f":{"0":0,"1":0,"2":0,"3":0,"4":0,"5":0,"6":0,"7":0,"8":0,"9":0,"10":0,"11":0,"12":0,"13":0,"14":0},"b":{"0":[0,0],"1":[0,0],"2":[0,0],"3":[0,0],"4":[0,0],"5":[0,0]}}
,"C:\\Users\\helio\\Desktop\\Hélio Projects\\mei-pjotinha-app\\src\\views\\Calculator.vue": {"path":"C:\\Users\\helio\\Desktop\\Hélio Projects\\mei-pjotinha-app\\src\\views\\Calculator.vue","statementMap":{"0":{"start":{"line":142,"column":0},"end":{"line":142,"column":null}},"1":{"start":{"line":143,"column":0},"end":{"line":143,"column":null}},"2":{"start":{"line":144,"column":0},"end":{"line":144,"column":null}},"3":{"start":{"line":147,"column":0},"end":{"line":147,"column":null}},"4":{"start":{"line":160,"column":0},"end":{"line":160,"column":null}},"5":{"start":{"line":165,"column":0},"end":{"line":165,"column":null}},"6":{"start":{"line":168,"column":0},"end":{"line":170,"column":null}},"7":{"start":{"line":169,"column":0},"end":{"line":169,"column":null}},"8":{"start":{"line":173,"column":0},"end":{"line":173,"column":null}},"9":{"start":{"line":181,"column":0},"end":{"line":181,"column":null}},"10":{"start":{"line":182,"column":0},"end":{"line":182,"column":null}},"11":{"start":{"line":186,"column":0},"end":{"line":186,"column":null}},"12":{"start":{"line":189,"column":0},"end":{"line":189,"column":null}},"13":{"start":{"line":190,"column":0},"end":{"line":190,"column":null}},"14":{"start":{"line":191,"column":0},"end":{"line":191,"column":null}},"15":{"start":{"line":194,"column":0},"end":{"line":194,"column":null}},"16":{"start":{"line":195,"column":0},"end":{"line":195,"column":null}},"17":{"start":{"line":196,"column":0},"end":{"line":196,"column":null}},"18":{"start":{"line":199,"column":0},"end":{"line":199,"column":null}},"19":{"start":{"line":201,"column":0},"end":{"line":201,"column":null}},"20":{"start":{"line":203,"column":0},"end":{"line":210,"column":null}},"21":{"start":{"line":204,"column":0},"end":{"line":209,"column":null}},"22":{"start":{"line":208,"column":0},"end":{"line":208,"column":null}},"23":{"start":{"line":212,"column":0},"end":{"line":212,"column":null}},"24":{"start":{"line":215,"column":0},"end":{"line":215,"column":null}},"25":{"start":{"line":216,"column":0},"end":{"line":216,"column":null}},"26":{"start":{"line":218,"column":0},"end":{"line":218,"column":null}},"27":{"start":{"line":221,"column":0},"end":{"line":221,"column":null}},"28":{"start":{"line":222,"column":0},"end":{"line":222,"column":null}},"29":{"start":{"line":223,"column":0},"end":{"line":223,"column":null}},"30":{"start":{"line":225,"column":0},"end":{"line":225,"column":null}}},"fnMap":{"0":{"name":"(anonymous_1)","decl":{"start":{"line":146,"column":0},"end":{"line":146,"column":null}},"loc":{"start":{"line":146,"column":0},"end":{"line":158,"column":null}}},"1":{"name":"(anonymous_2)","decl":{"start":{"line":159,"column":0},"end":{"line":159,"column":null}},"loc":{"start":{"line":159,"column":0},"end":{"line":161,"column":null}}},"2":{"name":"(anonymous_3)","decl":{"start":{"line":164,"column":0},"end":{"line":164,"column":null}},"loc":{"start":{"line":164,"column":0},"end":{"line":166,"column":null}}},"3":{"name":"(anonymous_4)","decl":{"start":{"line":167,"column":0},"end":{"line":167,"column":null}},"loc":{"start":{"line":167,"column":0},"end":{"line":171,"column":null}}},"4":{"name":"(anonymous_5)","decl":{"start":{"line":168,"column":0},"end":{"line":168,"column":null}},"loc":{"start":{"line":168,"column":0},"end":{"line":170,"column":null}}},"5":{"name":"(anonymous_6)","decl":{"start":{"line":172,"column":0},"end":{"line":172,"column":null}},"loc":{"start":{"line":172,"column":0},"end":{"line":177,"column":null}}},"6":{"name":"(anonymous_7)","decl":{"start":{"line":180,"column":0},"end":{"line":180,"column":null}},"loc":{"start":{"line":180,"column":0},"end":{"line":187,"column":null}}},"7":{"name":"(anonymous_8)","decl":{"start":{"line":188,"column":0},"end":{"line":188,"column":null}},"loc":{"start":{"line":188,"column":0},"end":{"line":192,"column":null}}},"8":{"name":"(anonymous_9)","decl":{"start":{"line":193,"column":0},"end":{"line":193,"column":null}},"loc":{"start":{"line":193,"column":0},"end":{"line":197,"column":null}}},"9":{"name":"(anonymous_10)","decl":{"start":{"line":198,"column":0},"end":{"line":198,"column":null}},"loc":{"start":{"line":198,"column":0},"end":{"line":213,"column":null}}},"10":{"name":"(anonymous_11)","decl":{"start":{"line":214,"column":0},"end":{"line":214,"column":null}},"loc":{"start":{"line":214,"column":0},"end":{"line":219,"column":null}}},"11":{"name":"(anonymous_12)","decl":{"start":{"line":220,"column":0},"end":{"line":220,"column":null}},"loc":{"start":{"line":220,"column":0},"end":{"line":226,"column":null}}}},"branchMap":{"0":{"loc":{"start":{"line":204,"column":0},"end":{"line":209,"column":null}},"type":"if","locations":[{"start":{"line":204,"column":0},"end":{"line":209,"column":null}},{"start":{"line":204,"column":0},"end":{"line":209,"column":null}}]},"1":{"loc":{"start":{"line":204,"column":0},"end":{"line":204,"column":null}},"type":"binary-expr","locations":[{"start":{"line":204,"column":0},"end":{"line":204,"column":null}},{"start":{"line":204,"column":0},"end":{"line":204,"column":null}}]}},"s":{"0":0,"1":0,"2":0,"3":0,"4":0,"5":0,"6":0,"7":0,"8":0,"9":0,"10":0,"11":0,"12":0,"13":0,"14":0,"15":0,"16":0,"17":0,"18":0,"19":0,"20":0,"21":0,"22":0,"23":0,"24":0,"25":0,"26":0,"27":0,"28":0,"29":0,"30":0},"f":{"0":0,"1":0,"2":0,"3":0,"4":0,"5":0,"6":0,"7":0,"8":0,"9":0,"10":0,"11":0},"b":{"0":[0,0],"1":[0,0]}}
}
