TN:
SF:C:\Users\helio\Desktop\Hélio Projects\mei-pjotinha-app\src\utils\utils.js
FN:1,convertMoneyMaskToNumber
FNF:1
FNH:1
FNDA:2,convertMoneyMaskToNumber
DA:2,2
DA:3,1
DA:9,1
LF:3
LH:3
BRDA:2,0,0,1
BRDA:2,0,1,1
BRF:2
BRH:2
end_of_record
TN:
SF:C:\Users\helio\Desktop\Hélio Projects\mei-pjotinha-app\src\views\Beneficios.vue
FN:112,(anonymous_1)
FN:124,(anonymous_2)
FN:128,(anonymous_3)
FN:141,(anonymous_4)
FN:144,(anonymous_5)
FN:150,(anonymous_6)
FN:155,(anonymous_7)
FN:161,(anonymous_8)
FN:180,(anonymous_9)
FN:187,(anonymous_10)
FN:196,(anonymous_11)
FN:204,(anonymous_12)
FN:207,(anonymous_13)
FN:216,(anonymous_14)
FN:219,(anonymous_15)
FNF:15
FNH:0
FNDA:0,(anonymous_1)
FNDA:0,(anonymous_2)
FNDA:0,(anonymous_3)
FNDA:0,(anonymous_4)
FNDA:0,(anonymous_5)
FNDA:0,(anonymous_6)
FNDA:0,(anonymous_7)
FNDA:0,(anonymous_8)
FNDA:0,(anonymous_9)
FNDA:0,(anonymous_10)
FNDA:0,(anonymous_11)
FNDA:0,(anonymous_12)
FNDA:0,(anonymous_13)
FNDA:0,(anonymous_14)
FNDA:0,(anonymous_15)
DA:106,0
DA:107,0
DA:108,0
DA:109,0
DA:113,0
DA:125,0
DA:129,0
DA:132,0
DA:135,0
DA:137,0
DA:142,0
DA:145,0
DA:146,0
DA:147,0
DA:151,0
DA:152,0
DA:156,0
DA:160,0
DA:162,0
DA:175,0
DA:181,0
DA:184,0
DA:185,0
DA:188,0
DA:191,0
DA:192,0
DA:193,0
DA:194,0
DA:197,0
DA:200,0
DA:201,0
DA:202,0
DA:205,0
DA:208,0
DA:209,0
DA:210,0
DA:211,0
DA:212,0
DA:214,0
DA:217,0
DA:220,0
LF:41
LH:0
BRDA:135,0,0,0
BRDA:135,0,1,0
BRDA:145,1,0,0
BRDA:145,1,1,0
BRDA:151,2,0,0
BRDA:151,2,1,0
BRDA:151,3,0,0
BRDA:151,3,1,0
BRDA:209,4,0,0
BRDA:209,4,1,0
BRDA:220,5,0,0
BRDA:220,5,1,0
BRF:12
BRH:0
end_of_record
TN:
SF:C:\Users\helio\Desktop\Hélio Projects\mei-pjotinha-app\src\views\Calculator.vue
FN:146,(anonymous_1)
FN:159,(anonymous_2)
FN:164,(anonymous_3)
FN:167,(anonymous_4)
FN:168,(anonymous_5)
FN:172,(anonymous_6)
FN:180,(anonymous_7)
FN:188,(anonymous_8)
FN:193,(anonymous_9)
FN:198,(anonymous_10)
FN:214,(anonymous_11)
FN:220,(anonymous_12)
FNF:12
FNH:0
FNDA:0,(anonymous_1)
FNDA:0,(anonymous_2)
FNDA:0,(anonymous_3)
FNDA:0,(anonymous_4)
FNDA:0,(anonymous_5)
FNDA:0,(anonymous_6)
FNDA:0,(anonymous_7)
FNDA:0,(anonymous_8)
FNDA:0,(anonymous_9)
FNDA:0,(anonymous_10)
FNDA:0,(anonymous_11)
FNDA:0,(anonymous_12)
DA:142,0
DA:143,0
DA:144,0
DA:147,0
DA:160,0
DA:165,0
DA:168,0
DA:169,0
DA:173,0
DA:181,0
DA:182,0
DA:186,0
DA:189,0
DA:190,0
DA:191,0
DA:194,0
DA:195,0
DA:196,0
DA:199,0
DA:201,0
DA:203,0
DA:204,0
DA:208,0
DA:212,0
DA:215,0
DA:216,0
DA:218,0
DA:221,0
DA:222,0
DA:223,0
DA:225,0
LF:31
LH:0
BRDA:204,0,0,0
BRDA:204,0,1,0
BRDA:204,1,0,0
BRDA:204,1,1,0
BRF:4
BRH:0
end_of_record
